mode: atomic
github.com/axiomzen/zenauth/test/integration/test_utils.go:38.84,40.3 1 109
github.com/axiomzen/zenauth/test/integration/test_utils.go:42.91,44.3 1 119
github.com/axiomzen/zenauth/test/integration/test_utils.go:47.84,49.17 2 1
github.com/axiomzen/zenauth/test/integration/test_utils.go:52.3,52.13 1 1
github.com/axiomzen/zenauth/test/integration/test_utils.go:49.17,51.4 1 0
github.com/axiomzen/zenauth/test/integration/test_utils.go:56.96,59.3 2 0
github.com/axiomzen/zenauth/test/integration/test_utils.go:61.98,62.75 1 224
github.com/axiomzen/zenauth/test/integration/test_utils.go:65.3,65.13 1 224
github.com/axiomzen/zenauth/test/integration/test_utils.go:62.75,64.4 1 0
github.com/axiomzen/zenauth/test/integration/test_utils.go:73.83,75.2 1 109
github.com/axiomzen/zenauth/test/integration/test_utils.go:81.90,83.2 1 119
github.com/axiomzen/zenauth/test/integration/test_utils.go:88.90,90.2 1 1
github.com/axiomzen/zenauth/test/integration/test_utils.go:94.102,96.2 1 225
github.com/axiomzen/zenauth/test/integration/test_utils.go:98.35,107.2 1 223
github.com/axiomzen/zenauth/test/integration/test_utils.go:110.37,112.2 1 223
github.com/axiomzen/zenauth/test/integration/test_utils.go:114.49,133.2 11 2
github.com/axiomzen/zenauth/test/integration/test_utils.go:135.23,138.46 2 1
github.com/axiomzen/zenauth/test/integration/test_utils.go:143.2,144.98 2 1
github.com/axiomzen/zenauth/test/integration/test_utils.go:138.46,139.17 1 1
github.com/axiomzen/zenauth/test/integration/test_utils.go:139.17,141.4 1 1
github.com/axiomzen/zenauth/test/integration/test_utils.go:147.21,149.46 2 1
github.com/axiomzen/zenauth/test/integration/test_utils.go:154.2,155.94 2 1
github.com/axiomzen/zenauth/test/integration/test_utils.go:149.46,150.17 1 1
github.com/axiomzen/zenauth/test/integration/test_utils.go:150.17,152.4 1 1
github.com/axiomzen/zenauth/test/integration/test_utils.go:158.22,177.2 5 1
github.com/axiomzen/zenauth/test/integration/test_utils.go:179.25,193.2 5 1
github.com/axiomzen/zenauth/test/integration/test_utils.go:195.24,213.54 7 1
github.com/axiomzen/zenauth/test/integration/test_utils.go:221.2,249.52 10 1
github.com/axiomzen/zenauth/test/integration/test_utils.go:258.2,272.16 9 1
github.com/axiomzen/zenauth/test/integration/test_utils.go:279.2,286.16 6 1
github.com/axiomzen/zenauth/test/integration/test_utils.go:293.2,296.12 3 1
github.com/axiomzen/zenauth/test/integration/test_utils.go:213.54,215.3 1 0
github.com/axiomzen/zenauth/test/integration/test_utils.go:215.3,215.26 1 1
github.com/axiomzen/zenauth/test/integration/test_utils.go:215.26,219.3 2 0
github.com/axiomzen/zenauth/test/integration/test_utils.go:249.52,251.3 1 1
github.com/axiomzen/zenauth/test/integration/test_utils.go:272.16,274.3 1 0
github.com/axiomzen/zenauth/test/integration/test_utils.go:286.16,288.3 1 0
github.com/axiomzen/zenauth/test/integration/test_utils.go:299.22,306.27 4 1
github.com/axiomzen/zenauth/test/integration/test_utils.go:316.2,321.12 3 1
github.com/axiomzen/zenauth/test/integration/test_utils.go:306.27,310.3 1 1
github.com/axiomzen/zenauth/test/integration/test_utils.go:310.3,312.3 1 0
